  201701531_김기태_HW4.cpp
C:\Users\KT\Desktop\4학년1학기\게임프로그래밍\HW4_201701531(김기태)\HW4_201701531(김기태)\201701531_김기태_HW4.cpp(454,46): warning C4838: 'double'에서 'FLOAT'(으)로의 변환에는 축소 변환이 필요합니다.
C:\Users\KT\Desktop\4학년1학기\게임프로그래밍\HW4_201701531(김기태)\HW4_201701531(김기태)\201701531_김기태_HW4.cpp(454,46): warning C4244: '초기화 중': 'double'에서 'FLOAT'(으)로 변환하면서 데이터가 손실될 수 있습니다.
C:\Users\KT\Desktop\4학년1학기\게임프로그래밍\HW4_201701531(김기태)\HW4_201701531(김기태)\201701531_김기태_HW4.cpp(456,51): warning C4244: '인수': 'double'에서 'FLOAT'(으)로 변환하면서 데이터가 손실될 수 있습니다.
C:\Users\KT\Desktop\4학년1학기\게임프로그래밍\HW4_201701531(김기태)\HW4_201701531(김기태)\201701531_김기태_HW4.cpp(460,46): warning C4838: 'double'에서 'FLOAT'(으)로의 변환에는 축소 변환이 필요합니다.
C:\Users\KT\Desktop\4학년1학기\게임프로그래밍\HW4_201701531(김기태)\HW4_201701531(김기태)\201701531_김기태_HW4.cpp(460,46): warning C4244: '초기화 중': 'double'에서 'FLOAT'(으)로 변환하면서 데이터가 손실될 수 있습니다.
C:\Users\KT\Desktop\4학년1학기\게임프로그래밍\HW4_201701531(김기태)\HW4_201701531(김기태)\201701531_김기태_HW4.cpp(462,51): warning C4244: '인수': 'double'에서 'FLOAT'(으)로 변환하면서 데이터가 손실될 수 있습니다.
C:\Users\KT\Desktop\4학년1학기\게임프로그래밍\HW4_201701531(김기태)\HW4_201701531(김기태)\201701531_김기태_HW4.cpp(466,48): warning C4838: 'double'에서 'FLOAT'(으)로의 변환에는 축소 변환이 필요합니다.
C:\Users\KT\Desktop\4학년1학기\게임프로그래밍\HW4_201701531(김기태)\HW4_201701531(김기태)\201701531_김기태_HW4.cpp(466,48): warning C4244: '초기화 중': 'double'에서 'FLOAT'(으)로 변환하면서 데이터가 손실될 수 있습니다.
C:\Users\KT\Desktop\4학년1학기\게임프로그래밍\HW4_201701531(김기태)\HW4_201701531(김기태)\201701531_김기태_HW4.cpp(468,51): warning C4244: '인수': 'double'에서 'FLOAT'(으)로 변환하면서 데이터가 손실될 수 있습니다.
C:\Users\KT\Desktop\4학년1학기\게임프로그래밍\HW4_201701531(김기태)\HW4_201701531(김기태)\201701531_김기태_HW4.cpp(471,48): warning C4838: 'double'에서 'FLOAT'(으)로의 변환에는 축소 변환이 필요합니다.
C:\Users\KT\Desktop\4학년1학기\게임프로그래밍\HW4_201701531(김기태)\HW4_201701531(김기태)\201701531_김기태_HW4.cpp(471,48): warning C4244: '초기화 중': 'double'에서 'FLOAT'(으)로 변환하면서 데이터가 손실될 수 있습니다.
C:\Users\KT\Desktop\4학년1학기\게임프로그래밍\HW4_201701531(김기태)\HW4_201701531(김기태)\201701531_김기태_HW4.cpp(473,51): warning C4244: '인수': 'double'에서 'FLOAT'(으)로 변환하면서 데이터가 손실될 수 있습니다.
C:\Users\KT\Desktop\4학년1학기\게임프로그래밍\HW4_201701531(김기태)\HW4_201701531(김기태)\201701531_김기태_HW4.cpp(476,48): warning C4838: 'double'에서 'FLOAT'(으)로의 변환에는 축소 변환이 필요합니다.
C:\Users\KT\Desktop\4학년1학기\게임프로그래밍\HW4_201701531(김기태)\HW4_201701531(김기태)\201701531_김기태_HW4.cpp(476,48): warning C4244: '초기화 중': 'double'에서 'FLOAT'(으)로 변환하면서 데이터가 손실될 수 있습니다.
C:\Users\KT\Desktop\4학년1학기\게임프로그래밍\HW4_201701531(김기태)\HW4_201701531(김기태)\201701531_김기태_HW4.cpp(478,51): warning C4244: '인수': 'double'에서 'FLOAT'(으)로 변환하면서 데이터가 손실될 수 있습니다.
C:\Users\KT\Desktop\4학년1학기\게임프로그래밍\HW4_201701531(김기태)\HW4_201701531(김기태)\201701531_김기태_HW4.cpp(481,48): warning C4838: 'double'에서 'FLOAT'(으)로의 변환에는 축소 변환이 필요합니다.
C:\Users\KT\Desktop\4학년1학기\게임프로그래밍\HW4_201701531(김기태)\HW4_201701531(김기태)\201701531_김기태_HW4.cpp(481,48): warning C4244: '초기화 중': 'double'에서 'FLOAT'(으)로 변환하면서 데이터가 손실될 수 있습니다.
C:\Users\KT\Desktop\4학년1학기\게임프로그래밍\HW4_201701531(김기태)\HW4_201701531(김기태)\201701531_김기태_HW4.cpp(483,51): warning C4244: '인수': 'double'에서 'FLOAT'(으)로 변환하면서 데이터가 손실될 수 있습니다.
C:\Users\KT\Desktop\4학년1학기\게임프로그래밍\HW4_201701531(김기태)\HW4_201701531(김기태)\201701531_김기태_HW4.cpp(486,48): warning C4838: 'double'에서 'FLOAT'(으)로의 변환에는 축소 변환이 필요합니다.
C:\Users\KT\Desktop\4학년1학기\게임프로그래밍\HW4_201701531(김기태)\HW4_201701531(김기태)\201701531_김기태_HW4.cpp(486,48): warning C4244: '초기화 중': 'double'에서 'FLOAT'(으)로 변환하면서 데이터가 손실될 수 있습니다.
C:\Users\KT\Desktop\4학년1학기\게임프로그래밍\HW4_201701531(김기태)\HW4_201701531(김기태)\201701531_김기태_HW4.cpp(488,51): warning C4244: '인수': 'double'에서 'FLOAT'(으)로 변환하면서 데이터가 손실될 수 있습니다.
C:\Users\KT\Desktop\4학년1학기\게임프로그래밍\HW4_201701531(김기태)\HW4_201701531(김기태)\201701531_김기태_HW4.cpp(491,48): warning C4838: 'double'에서 'FLOAT'(으)로의 변환에는 축소 변환이 필요합니다.
C:\Users\KT\Desktop\4학년1학기\게임프로그래밍\HW4_201701531(김기태)\HW4_201701531(김기태)\201701531_김기태_HW4.cpp(491,48): warning C4244: '초기화 중': 'double'에서 'FLOAT'(으)로 변환하면서 데이터가 손실될 수 있습니다.
C:\Users\KT\Desktop\4학년1학기\게임프로그래밍\HW4_201701531(김기태)\HW4_201701531(김기태)\201701531_김기태_HW4.cpp(493,51): warning C4244: '인수': 'double'에서 'FLOAT'(으)로 변환하면서 데이터가 손실될 수 있습니다.
C:\Users\KT\Desktop\4학년1학기\게임프로그래밍\HW4_201701531(김기태)\HW4_201701531(김기태)\201701531_김기태_HW4.cpp(549,49): warning C4838: 'double'에서 'FLOAT'(으)로의 변환에는 축소 변환이 필요합니다.
C:\Users\KT\Desktop\4학년1학기\게임프로그래밍\HW4_201701531(김기태)\HW4_201701531(김기태)\201701531_김기태_HW4.cpp(549,49): warning C4244: '초기화 중': 'double'에서 'FLOAT'(으)로 변환하면서 데이터가 손실될 수 있습니다.
C:\Users\KT\Desktop\4학년1학기\게임프로그래밍\HW4_201701531(김기태)\HW4_201701531(김기태)\201701531_김기태_HW4.cpp(551,54): warning C4244: '인수': 'double'에서 'FLOAT'(으)로 변환하면서 데이터가 손실될 수 있습니다.
C:\Users\KT\Desktop\4학년1학기\게임프로그래밍\HW4_201701531(김기태)\HW4_201701531(김기태)\201701531_김기태_HW4.cpp(555,49): warning C4838: 'double'에서 'FLOAT'(으)로의 변환에는 축소 변환이 필요합니다.
C:\Users\KT\Desktop\4학년1학기\게임프로그래밍\HW4_201701531(김기태)\HW4_201701531(김기태)\201701531_김기태_HW4.cpp(555,49): warning C4244: '초기화 중': 'double'에서 'FLOAT'(으)로 변환하면서 데이터가 손실될 수 있습니다.
C:\Users\KT\Desktop\4학년1학기\게임프로그래밍\HW4_201701531(김기태)\HW4_201701531(김기태)\201701531_김기태_HW4.cpp(557,55): warning C4244: '인수': 'double'에서 'FLOAT'(으)로 변환하면서 데이터가 손실될 수 있습니다.
C:\Users\KT\Desktop\4학년1학기\게임프로그래밍\HW4_201701531(김기태)\HW4_201701531(김기태)\201701531_김기태_HW4.cpp(561,51): warning C4838: 'double'에서 'FLOAT'(으)로의 변환에는 축소 변환이 필요합니다.
C:\Users\KT\Desktop\4학년1학기\게임프로그래밍\HW4_201701531(김기태)\HW4_201701531(김기태)\201701531_김기태_HW4.cpp(561,51): warning C4244: '초기화 중': 'double'에서 'FLOAT'(으)로 변환하면서 데이터가 손실될 수 있습니다.
C:\Users\KT\Desktop\4학년1학기\게임프로그래밍\HW4_201701531(김기태)\HW4_201701531(김기태)\201701531_김기태_HW4.cpp(563,54): warning C4244: '인수': 'double'에서 'FLOAT'(으)로 변환하면서 데이터가 손실될 수 있습니다.
C:\Users\KT\Desktop\4학년1학기\게임프로그래밍\HW4_201701531(김기태)\HW4_201701531(김기태)\201701531_김기태_HW4.cpp(566,51): warning C4838: 'double'에서 'FLOAT'(으)로의 변환에는 축소 변환이 필요합니다.
C:\Users\KT\Desktop\4학년1학기\게임프로그래밍\HW4_201701531(김기태)\HW4_201701531(김기태)\201701531_김기태_HW4.cpp(566,51): warning C4244: '초기화 중': 'double'에서 'FLOAT'(으)로 변환하면서 데이터가 손실될 수 있습니다.
C:\Users\KT\Desktop\4학년1학기\게임프로그래밍\HW4_201701531(김기태)\HW4_201701531(김기태)\201701531_김기태_HW4.cpp(568,55): warning C4244: '인수': 'double'에서 'FLOAT'(으)로 변환하면서 데이터가 손실될 수 있습니다.
C:\Users\KT\Desktop\4학년1학기\게임프로그래밍\HW4_201701531(김기태)\HW4_201701531(김기태)\201701531_김기태_HW4.cpp(571,51): warning C4838: 'double'에서 'FLOAT'(으)로의 변환에는 축소 변환이 필요합니다.
C:\Users\KT\Desktop\4학년1학기\게임프로그래밍\HW4_201701531(김기태)\HW4_201701531(김기태)\201701531_김기태_HW4.cpp(571,51): warning C4244: '초기화 중': 'double'에서 'FLOAT'(으)로 변환하면서 데이터가 손실될 수 있습니다.
C:\Users\KT\Desktop\4학년1학기\게임프로그래밍\HW4_201701531(김기태)\HW4_201701531(김기태)\201701531_김기태_HW4.cpp(573,55): warning C4244: '인수': 'double'에서 'FLOAT'(으)로 변환하면서 데이터가 손실될 수 있습니다.
C:\Users\KT\Desktop\4학년1학기\게임프로그래밍\HW4_201701531(김기태)\HW4_201701531(김기태)\201701531_김기태_HW4.cpp(576,51): warning C4838: 'double'에서 'FLOAT'(으)로의 변환에는 축소 변환이 필요합니다.
C:\Users\KT\Desktop\4학년1학기\게임프로그래밍\HW4_201701531(김기태)\HW4_201701531(김기태)\201701531_김기태_HW4.cpp(576,51): warning C4244: '초기화 중': 'double'에서 'FLOAT'(으)로 변환하면서 데이터가 손실될 수 있습니다.
C:\Users\KT\Desktop\4학년1학기\게임프로그래밍\HW4_201701531(김기태)\HW4_201701531(김기태)\201701531_김기태_HW4.cpp(578,54): warning C4244: '인수': 'double'에서 'FLOAT'(으)로 변환하면서 데이터가 손실될 수 있습니다.
C:\Users\KT\Desktop\4학년1학기\게임프로그래밍\HW4_201701531(김기태)\HW4_201701531(김기태)\201701531_김기태_HW4.cpp(581,51): warning C4838: 'double'에서 'FLOAT'(으)로의 변환에는 축소 변환이 필요합니다.
C:\Users\KT\Desktop\4학년1학기\게임프로그래밍\HW4_201701531(김기태)\HW4_201701531(김기태)\201701531_김기태_HW4.cpp(581,51): warning C4244: '초기화 중': 'double'에서 'FLOAT'(으)로 변환하면서 데이터가 손실될 수 있습니다.
C:\Users\KT\Desktop\4학년1학기\게임프로그래밍\HW4_201701531(김기태)\HW4_201701531(김기태)\201701531_김기태_HW4.cpp(583,54): warning C4244: '인수': 'double'에서 'FLOAT'(으)로 변환하면서 데이터가 손실될 수 있습니다.
C:\Users\KT\Desktop\4학년1학기\게임프로그래밍\HW4_201701531(김기태)\HW4_201701531(김기태)\201701531_김기태_HW4.cpp(586,51): warning C4838: 'double'에서 'FLOAT'(으)로의 변환에는 축소 변환이 필요합니다.
C:\Users\KT\Desktop\4학년1학기\게임프로그래밍\HW4_201701531(김기태)\HW4_201701531(김기태)\201701531_김기태_HW4.cpp(586,51): warning C4244: '초기화 중': 'double'에서 'FLOAT'(으)로 변환하면서 데이터가 손실될 수 있습니다.
C:\Users\KT\Desktop\4학년1학기\게임프로그래밍\HW4_201701531(김기태)\HW4_201701531(김기태)\201701531_김기태_HW4.cpp(588,54): warning C4244: '인수': 'double'에서 'FLOAT'(으)로 변환하면서 데이터가 손실될 수 있습니다.
C:\Users\KT\Desktop\4학년1학기\게임프로그래밍\HW4_201701531(김기태)\HW4_201701531(김기태)\201701531_김기태_HW4.cpp(591,51): warning C4838: 'double'에서 'FLOAT'(으)로의 변환에는 축소 변환이 필요합니다.
C:\Users\KT\Desktop\4학년1학기\게임프로그래밍\HW4_201701531(김기태)\HW4_201701531(김기태)\201701531_김기태_HW4.cpp(591,51): warning C4244: '초기화 중': 'double'에서 'FLOAT'(으)로 변환하면서 데이터가 손실될 수 있습니다.
C:\Users\KT\Desktop\4학년1학기\게임프로그래밍\HW4_201701531(김기태)\HW4_201701531(김기태)\201701531_김기태_HW4.cpp(593,54): warning C4244: '인수': 'double'에서 'FLOAT'(으)로 변환하면서 데이터가 손실될 수 있습니다.
C:\Users\KT\Desktop\4학년1학기\게임프로그래밍\HW4_201701531(김기태)\HW4_201701531(김기태)\201701531_김기태_HW4.cpp(1000,32): warning C4305: '+=': 'double'에서 'float'(으)로 잘립니다.
C:\Users\KT\Desktop\4학년1학기\게임프로그래밍\HW4_201701531(김기태)\HW4_201701531(김기태)\201701531_김기태_HW4.cpp(1011,30): warning C4244: '=': 'double'에서 'float'(으)로 변환하면서 데이터가 손실될 수 있습니다.
C:\Users\KT\Desktop\4학년1학기\게임프로그래밍\HW4_201701531(김기태)\HW4_201701531(김기태)\201701531_김기태_HW4.cpp(1014,30): warning C4456: 'scale' 선언은 이전 로컬 선언을 숨깁니다.
C:\Users\KT\Desktop\4학년1학기\게임프로그래밍\HW4_201701531(김기태)\HW4_201701531(김기태)\201701531_김기태_HW4.cpp(987,20): message : 'scale' 선언을 참조하십시오.
C:\Users\KT\Desktop\4학년1학기\게임프로그래밍\HW4_201701531(김기태)\HW4_201701531(김기태)\201701531_김기태_HW4.cpp(969,23): warning C4101: 'spoint' :참조되지 않은 지역 변수입니다.
C:\Users\KT\Desktop\4학년1학기\게임프로그래밍\HW4_201701531(김기태)\HW4_201701531(김기태)\201701531_김기태_HW4.cpp(1077,30): warning C4456: 'scale' 선언은 이전 로컬 선언을 숨깁니다.
C:\Users\KT\Desktop\4학년1학기\게임프로그래밍\HW4_201701531(김기태)\HW4_201701531(김기태)\201701531_김기태_HW4.cpp(1063,20): message : 'scale' 선언을 참조하십시오.
C:\Users\KT\Desktop\4학년1학기\게임프로그래밍\HW4_201701531(김기태)\HW4_201701531(김기태)\201701531_김기태_HW4.cpp(1108,22): warning C4305: '+=': 'double'에서 'float'(으)로 잘립니다.
C:\Users\KT\Desktop\4학년1학기\게임프로그래밍\HW4_201701531(김기태)\HW4_201701531(김기태)\201701531_김기태_HW4.cpp(1111,22): warning C4305: '+=': 'double'에서 'float'(으)로 잘립니다.
C:\Users\KT\Desktop\4학년1학기\게임프로그래밍\HW4_201701531(김기태)\HW4_201701531(김기태)\201701531_김기태_HW4.cpp(1045,23): warning C4101: 'spoint' :참조되지 않은 지역 변수입니다.
C:\Users\KT\Desktop\4학년1학기\게임프로그래밍\HW4_201701531(김기태)\HW4_201701531(김기태)\201701531_김기태_HW4.cpp(1165,21): warning C4305: '+=': 'double'에서 'float'(으)로 잘립니다.
C:\Users\KT\Desktop\4학년1학기\게임프로그래밍\HW4_201701531(김기태)\HW4_201701531(김기태)\201701531_김기태_HW4.cpp(1138,23): warning C4101: 'spoint' :참조되지 않은 지역 변수입니다.
C:\Users\KT\Desktop\4학년1학기\게임프로그래밍\HW4_201701531(김기태)\HW4_201701531(김기태)\201701531_김기태_HW4.cpp(1170,50): warning C4100: 'rtSize': 참조되지 않은 정식 매개 변수입니다.
C:\Users\KT\Desktop\4학년1학기\게임프로그래밍\HW4_201701531(김기태)\HW4_201701531(김기태)\201701531_김기태_HW4.cpp(1170,34): warning C4100: 'hr': 참조되지 않은 정식 매개 변수입니다.
C:\Users\KT\Desktop\4학년1학기\게임프로그래밍\HW4_201701531(김기태)\HW4_201701531(김기태)\201701531_김기태_HW4.cpp(1245,35): warning C4305: '인수': 'double'에서 'FLOAT'(으)로 잘립니다.
C:\Users\KT\Desktop\4학년1학기\게임프로그래밍\HW4_201701531(김기태)\HW4_201701531(김기태)\201701531_김기태_HW4.cpp(1248,35): warning C4305: '인수': 'double'에서 'FLOAT'(으)로 잘립니다.
C:\Users\KT\Desktop\4학년1학기\게임프로그래밍\HW4_201701531(김기태)\HW4_201701531(김기태)\201701531_김기태_HW4.cpp(1253,75): warning C4244: '인수': 'double'에서 'FLOAT'(으)로 변환하면서 데이터가 손실될 수 있습니다.
C:\Users\KT\Desktop\4학년1학기\게임프로그래밍\HW4_201701531(김기태)\HW4_201701531(김기태)\201701531_김기태_HW4.cpp(1253,48): warning C4244: '인수': 'double'에서 'FLOAT'(으)로 변환하면서 데이터가 손실될 수 있습니다.
C:\Users\KT\Desktop\4학년1학기\게임프로그래밍\HW4_201701531(김기태)\HW4_201701531(김기태)\201701531_김기태_HW4.cpp(1263,74): warning C4244: '인수': 'double'에서 'FLOAT'(으)로 변환하면서 데이터가 손실될 수 있습니다.
C:\Users\KT\Desktop\4학년1학기\게임프로그래밍\HW4_201701531(김기태)\HW4_201701531(김기태)\201701531_김기태_HW4.cpp(1263,35): warning C4244: '인수': 'double'에서 'FLOAT'(으)로 변환하면서 데이터가 손실될 수 있습니다.
C:\Users\KT\Desktop\4학년1학기\게임프로그래밍\HW4_201701531(김기태)\HW4_201701531(김기태)\201701531_김기태_HW4.cpp(1236,56): warning C4100: 'rtSize': 참조되지 않은 정식 매개 변수입니다.
C:\Users\KT\Desktop\4학년1학기\게임프로그래밍\HW4_201701531(김기태)\HW4_201701531(김기태)\201701531_김기태_HW4.cpp(1236,40): warning C4100: 'hr': 참조되지 않은 정식 매개 변수입니다.
C:\Users\KT\Desktop\4학년1학기\게임프로그래밍\HW4_201701531(김기태)\HW4_201701531(김기태)\201701531_김기태_HW4.cpp(1287,83): warning C4244: '인수': 'double'에서 'FLOAT'(으)로 변환하면서 데이터가 손실될 수 있습니다.
C:\Users\KT\Desktop\4학년1학기\게임프로그래밍\HW4_201701531(김기태)\HW4_201701531(김기태)\201701531_김기태_HW4.cpp(1287,51): warning C4244: '인수': 'double'에서 'FLOAT'(으)로 변환하면서 데이터가 손실될 수 있습니다.
C:\Users\KT\Desktop\4학년1학기\게임프로그래밍\HW4_201701531(김기태)\HW4_201701531(김기태)\201701531_김기태_HW4.cpp(1297,79): warning C4244: '인수': 'double'에서 'FLOAT'(으)로 변환하면서 데이터가 손실될 수 있습니다.
C:\Users\KT\Desktop\4학년1학기\게임프로그래밍\HW4_201701531(김기태)\HW4_201701531(김기태)\201701531_김기태_HW4.cpp(1297,39): warning C4244: '인수': 'double'에서 'FLOAT'(으)로 변환하면서 데이터가 손실될 수 있습니다.
C:\Users\KT\Desktop\4학년1학기\게임프로그래밍\HW4_201701531(김기태)\HW4_201701531(김기태)\201701531_김기태_HW4.cpp(1307,81): warning C4244: '인수': 'double'에서 'FLOAT'(으)로 변환하면서 데이터가 손실될 수 있습니다.
C:\Users\KT\Desktop\4학년1학기\게임프로그래밍\HW4_201701531(김기태)\HW4_201701531(김기태)\201701531_김기태_HW4.cpp(1307,39): warning C4244: '인수': 'double'에서 'FLOAT'(으)로 변환하면서 데이터가 손실될 수 있습니다.
C:\Users\KT\Desktop\4학년1학기\게임프로그래밍\HW4_201701531(김기태)\HW4_201701531(김기태)\201701531_김기태_HW4.cpp(1279,55): warning C4100: 'rtSize': 참조되지 않은 정식 매개 변수입니다.
C:\Users\KT\Desktop\4학년1학기\게임프로그래밍\HW4_201701531(김기태)\HW4_201701531(김기태)\201701531_김기태_HW4.cpp(1279,39): warning C4100: 'hr': 참조되지 않은 정식 매개 변수입니다.
C:\Users\KT\Desktop\4학년1학기\게임프로그래밍\HW4_201701531(김기태)\HW4_201701531(김기태)\201701531_김기태_HW4.cpp(1480,4): warning C4477: 'swprintf_s' : 서식 문자열 '%S'에 'char *' 형식의 인수가 필요하지만 variadic 인수 6의 형식이 'WCHAR *'입니다.
C:\Users\KT\Desktop\4학년1학기\게임프로그래밍\HW4_201701531(김기태)\HW4_201701531(김기태)\201701531_김기태_HW4.cpp(1480,4): message : 서식 문자열에서 '%lS'을(를) 사용하는 것이 좋습니다.
C:\Users\KT\Desktop\4학년1학기\게임프로그래밍\HW4_201701531(김기태)\HW4_201701531(김기태)\201701531_김기태_HW4.cpp(1480,4): message : 서식 문자열에서 '%llS'을(를) 사용하는 것이 좋습니다.
C:\Users\KT\Desktop\4학년1학기\게임프로그래밍\HW4_201701531(김기태)\HW4_201701531(김기태)\201701531_김기태_HW4.cpp(1480,4): message : 서식 문자열에서 '%LS'을(를) 사용하는 것이 좋습니다.
C:\Users\KT\Desktop\4학년1학기\게임프로그래밍\HW4_201701531(김기태)\HW4_201701531(김기태)\201701531_김기태_HW4.cpp(1480,4): message : 서식 문자열에서 '%wS'을(를) 사용하는 것이 좋습니다.
C:\Users\KT\Desktop\4학년1학기\게임프로그래밍\HW4_201701531(김기태)\HW4_201701531(김기태)\201701531_김기태_HW4.cpp(1472,4): warning C4996: 'wcscpy': This function or variable may be unsafe. Consider using wcscpy_s instead. To disable deprecation, use _CRT_SECURE_NO_WARNINGS. See online help for details.
C:\Users\KT\Desktop\4학년1학기\게임프로그래밍\HW4_201701531(김기태)\HW4_201701531(김기태)\201701531_김기태_HW4.cpp(1475,4): warning C4996: 'wcscpy': This function or variable may be unsafe. Consider using wcscpy_s instead. To disable deprecation, use _CRT_SECURE_NO_WARNINGS. See online help for details.
C:\Users\KT\Desktop\4학년1학기\게임프로그래밍\HW4_201701531(김기태)\HW4_201701531(김기태)\201701531_김기태_HW4.cpp(1770,31): warning C4305: '+=': 'double'에서 'FLOAT'(으)로 잘립니다.
C:\Users\KT\Desktop\4학년1학기\게임프로그래밍\HW4_201701531(김기태)\HW4_201701531(김기태)\201701531_김기태_HW4.cpp(1778,31): warning C4305: '-=': 'double'에서 'FLOAT'(으)로 잘립니다.
  DemoApp.vcxproj -> C:\Users\KT\Desktop\4학년1학기\게임프로그래밍\HW4_201701531(김기태)\HW4_201701531(김기태)\Debug\DemoApp.exe
