  201701531_김기태_HW3.cpp
C:\Users\KT\Desktop\4학년1학기\게임프로그래밍\HW3_201701531(김기태)\HW3_201701531(김기태)\201701531_김기태_HW3.cpp(420,46): warning C4838: 'double'에서 'FLOAT'(으)로의 변환에는 축소 변환이 필요합니다.
C:\Users\KT\Desktop\4학년1학기\게임프로그래밍\HW3_201701531(김기태)\HW3_201701531(김기태)\201701531_김기태_HW3.cpp(420,46): warning C4244: '초기화 중': 'double'에서 'FLOAT'(으)로 변환하면서 데이터가 손실될 수 있습니다.
C:\Users\KT\Desktop\4학년1학기\게임프로그래밍\HW3_201701531(김기태)\HW3_201701531(김기태)\201701531_김기태_HW3.cpp(422,51): warning C4244: '인수': 'double'에서 'FLOAT'(으)로 변환하면서 데이터가 손실될 수 있습니다.
C:\Users\KT\Desktop\4학년1학기\게임프로그래밍\HW3_201701531(김기태)\HW3_201701531(김기태)\201701531_김기태_HW3.cpp(426,46): warning C4838: 'double'에서 'FLOAT'(으)로의 변환에는 축소 변환이 필요합니다.
C:\Users\KT\Desktop\4학년1학기\게임프로그래밍\HW3_201701531(김기태)\HW3_201701531(김기태)\201701531_김기태_HW3.cpp(426,46): warning C4244: '초기화 중': 'double'에서 'FLOAT'(으)로 변환하면서 데이터가 손실될 수 있습니다.
C:\Users\KT\Desktop\4학년1학기\게임프로그래밍\HW3_201701531(김기태)\HW3_201701531(김기태)\201701531_김기태_HW3.cpp(428,51): warning C4244: '인수': 'double'에서 'FLOAT'(으)로 변환하면서 데이터가 손실될 수 있습니다.
C:\Users\KT\Desktop\4학년1학기\게임프로그래밍\HW3_201701531(김기태)\HW3_201701531(김기태)\201701531_김기태_HW3.cpp(432,48): warning C4838: 'double'에서 'FLOAT'(으)로의 변환에는 축소 변환이 필요합니다.
C:\Users\KT\Desktop\4학년1학기\게임프로그래밍\HW3_201701531(김기태)\HW3_201701531(김기태)\201701531_김기태_HW3.cpp(432,48): warning C4244: '초기화 중': 'double'에서 'FLOAT'(으)로 변환하면서 데이터가 손실될 수 있습니다.
C:\Users\KT\Desktop\4학년1학기\게임프로그래밍\HW3_201701531(김기태)\HW3_201701531(김기태)\201701531_김기태_HW3.cpp(434,51): warning C4244: '인수': 'double'에서 'FLOAT'(으)로 변환하면서 데이터가 손실될 수 있습니다.
C:\Users\KT\Desktop\4학년1학기\게임프로그래밍\HW3_201701531(김기태)\HW3_201701531(김기태)\201701531_김기태_HW3.cpp(437,48): warning C4838: 'double'에서 'FLOAT'(으)로의 변환에는 축소 변환이 필요합니다.
C:\Users\KT\Desktop\4학년1학기\게임프로그래밍\HW3_201701531(김기태)\HW3_201701531(김기태)\201701531_김기태_HW3.cpp(437,48): warning C4244: '초기화 중': 'double'에서 'FLOAT'(으)로 변환하면서 데이터가 손실될 수 있습니다.
C:\Users\KT\Desktop\4학년1학기\게임프로그래밍\HW3_201701531(김기태)\HW3_201701531(김기태)\201701531_김기태_HW3.cpp(439,51): warning C4244: '인수': 'double'에서 'FLOAT'(으)로 변환하면서 데이터가 손실될 수 있습니다.
C:\Users\KT\Desktop\4학년1학기\게임프로그래밍\HW3_201701531(김기태)\HW3_201701531(김기태)\201701531_김기태_HW3.cpp(442,48): warning C4838: 'double'에서 'FLOAT'(으)로의 변환에는 축소 변환이 필요합니다.
C:\Users\KT\Desktop\4학년1학기\게임프로그래밍\HW3_201701531(김기태)\HW3_201701531(김기태)\201701531_김기태_HW3.cpp(442,48): warning C4244: '초기화 중': 'double'에서 'FLOAT'(으)로 변환하면서 데이터가 손실될 수 있습니다.
C:\Users\KT\Desktop\4학년1학기\게임프로그래밍\HW3_201701531(김기태)\HW3_201701531(김기태)\201701531_김기태_HW3.cpp(444,51): warning C4244: '인수': 'double'에서 'FLOAT'(으)로 변환하면서 데이터가 손실될 수 있습니다.
C:\Users\KT\Desktop\4학년1학기\게임프로그래밍\HW3_201701531(김기태)\HW3_201701531(김기태)\201701531_김기태_HW3.cpp(447,48): warning C4838: 'double'에서 'FLOAT'(으)로의 변환에는 축소 변환이 필요합니다.
C:\Users\KT\Desktop\4학년1학기\게임프로그래밍\HW3_201701531(김기태)\HW3_201701531(김기태)\201701531_김기태_HW3.cpp(447,48): warning C4244: '초기화 중': 'double'에서 'FLOAT'(으)로 변환하면서 데이터가 손실될 수 있습니다.
C:\Users\KT\Desktop\4학년1학기\게임프로그래밍\HW3_201701531(김기태)\HW3_201701531(김기태)\201701531_김기태_HW3.cpp(449,51): warning C4244: '인수': 'double'에서 'FLOAT'(으)로 변환하면서 데이터가 손실될 수 있습니다.
C:\Users\KT\Desktop\4학년1학기\게임프로그래밍\HW3_201701531(김기태)\HW3_201701531(김기태)\201701531_김기태_HW3.cpp(452,48): warning C4838: 'double'에서 'FLOAT'(으)로의 변환에는 축소 변환이 필요합니다.
C:\Users\KT\Desktop\4학년1학기\게임프로그래밍\HW3_201701531(김기태)\HW3_201701531(김기태)\201701531_김기태_HW3.cpp(452,48): warning C4244: '초기화 중': 'double'에서 'FLOAT'(으)로 변환하면서 데이터가 손실될 수 있습니다.
C:\Users\KT\Desktop\4학년1학기\게임프로그래밍\HW3_201701531(김기태)\HW3_201701531(김기태)\201701531_김기태_HW3.cpp(454,51): warning C4244: '인수': 'double'에서 'FLOAT'(으)로 변환하면서 데이터가 손실될 수 있습니다.
C:\Users\KT\Desktop\4학년1학기\게임프로그래밍\HW3_201701531(김기태)\HW3_201701531(김기태)\201701531_김기태_HW3.cpp(457,48): warning C4838: 'double'에서 'FLOAT'(으)로의 변환에는 축소 변환이 필요합니다.
C:\Users\KT\Desktop\4학년1학기\게임프로그래밍\HW3_201701531(김기태)\HW3_201701531(김기태)\201701531_김기태_HW3.cpp(457,48): warning C4244: '초기화 중': 'double'에서 'FLOAT'(으)로 변환하면서 데이터가 손실될 수 있습니다.
C:\Users\KT\Desktop\4학년1학기\게임프로그래밍\HW3_201701531(김기태)\HW3_201701531(김기태)\201701531_김기태_HW3.cpp(459,51): warning C4244: '인수': 'double'에서 'FLOAT'(으)로 변환하면서 데이터가 손실될 수 있습니다.
C:\Users\KT\Desktop\4학년1학기\게임프로그래밍\HW3_201701531(김기태)\HW3_201701531(김기태)\201701531_김기태_HW3.cpp(498,49): warning C4838: 'double'에서 'FLOAT'(으)로의 변환에는 축소 변환이 필요합니다.
C:\Users\KT\Desktop\4학년1학기\게임프로그래밍\HW3_201701531(김기태)\HW3_201701531(김기태)\201701531_김기태_HW3.cpp(498,49): warning C4244: '초기화 중': 'double'에서 'FLOAT'(으)로 변환하면서 데이터가 손실될 수 있습니다.
C:\Users\KT\Desktop\4학년1학기\게임프로그래밍\HW3_201701531(김기태)\HW3_201701531(김기태)\201701531_김기태_HW3.cpp(500,54): warning C4244: '인수': 'double'에서 'FLOAT'(으)로 변환하면서 데이터가 손실될 수 있습니다.
C:\Users\KT\Desktop\4학년1학기\게임프로그래밍\HW3_201701531(김기태)\HW3_201701531(김기태)\201701531_김기태_HW3.cpp(504,49): warning C4838: 'double'에서 'FLOAT'(으)로의 변환에는 축소 변환이 필요합니다.
C:\Users\KT\Desktop\4학년1학기\게임프로그래밍\HW3_201701531(김기태)\HW3_201701531(김기태)\201701531_김기태_HW3.cpp(504,49): warning C4244: '초기화 중': 'double'에서 'FLOAT'(으)로 변환하면서 데이터가 손실될 수 있습니다.
C:\Users\KT\Desktop\4학년1학기\게임프로그래밍\HW3_201701531(김기태)\HW3_201701531(김기태)\201701531_김기태_HW3.cpp(506,55): warning C4244: '인수': 'double'에서 'FLOAT'(으)로 변환하면서 데이터가 손실될 수 있습니다.
C:\Users\KT\Desktop\4학년1학기\게임프로그래밍\HW3_201701531(김기태)\HW3_201701531(김기태)\201701531_김기태_HW3.cpp(510,51): warning C4838: 'double'에서 'FLOAT'(으)로의 변환에는 축소 변환이 필요합니다.
C:\Users\KT\Desktop\4학년1학기\게임프로그래밍\HW3_201701531(김기태)\HW3_201701531(김기태)\201701531_김기태_HW3.cpp(510,51): warning C4244: '초기화 중': 'double'에서 'FLOAT'(으)로 변환하면서 데이터가 손실될 수 있습니다.
C:\Users\KT\Desktop\4학년1학기\게임프로그래밍\HW3_201701531(김기태)\HW3_201701531(김기태)\201701531_김기태_HW3.cpp(512,54): warning C4244: '인수': 'double'에서 'FLOAT'(으)로 변환하면서 데이터가 손실될 수 있습니다.
C:\Users\KT\Desktop\4학년1학기\게임프로그래밍\HW3_201701531(김기태)\HW3_201701531(김기태)\201701531_김기태_HW3.cpp(515,51): warning C4838: 'double'에서 'FLOAT'(으)로의 변환에는 축소 변환이 필요합니다.
C:\Users\KT\Desktop\4학년1학기\게임프로그래밍\HW3_201701531(김기태)\HW3_201701531(김기태)\201701531_김기태_HW3.cpp(515,51): warning C4244: '초기화 중': 'double'에서 'FLOAT'(으)로 변환하면서 데이터가 손실될 수 있습니다.
C:\Users\KT\Desktop\4학년1학기\게임프로그래밍\HW3_201701531(김기태)\HW3_201701531(김기태)\201701531_김기태_HW3.cpp(517,55): warning C4244: '인수': 'double'에서 'FLOAT'(으)로 변환하면서 데이터가 손실될 수 있습니다.
C:\Users\KT\Desktop\4학년1학기\게임프로그래밍\HW3_201701531(김기태)\HW3_201701531(김기태)\201701531_김기태_HW3.cpp(520,51): warning C4838: 'double'에서 'FLOAT'(으)로의 변환에는 축소 변환이 필요합니다.
C:\Users\KT\Desktop\4학년1학기\게임프로그래밍\HW3_201701531(김기태)\HW3_201701531(김기태)\201701531_김기태_HW3.cpp(520,51): warning C4244: '초기화 중': 'double'에서 'FLOAT'(으)로 변환하면서 데이터가 손실될 수 있습니다.
C:\Users\KT\Desktop\4학년1학기\게임프로그래밍\HW3_201701531(김기태)\HW3_201701531(김기태)\201701531_김기태_HW3.cpp(522,55): warning C4244: '인수': 'double'에서 'FLOAT'(으)로 변환하면서 데이터가 손실될 수 있습니다.
C:\Users\KT\Desktop\4학년1학기\게임프로그래밍\HW3_201701531(김기태)\HW3_201701531(김기태)\201701531_김기태_HW3.cpp(525,51): warning C4838: 'double'에서 'FLOAT'(으)로의 변환에는 축소 변환이 필요합니다.
C:\Users\KT\Desktop\4학년1학기\게임프로그래밍\HW3_201701531(김기태)\HW3_201701531(김기태)\201701531_김기태_HW3.cpp(525,51): warning C4244: '초기화 중': 'double'에서 'FLOAT'(으)로 변환하면서 데이터가 손실될 수 있습니다.
C:\Users\KT\Desktop\4학년1학기\게임프로그래밍\HW3_201701531(김기태)\HW3_201701531(김기태)\201701531_김기태_HW3.cpp(527,54): warning C4244: '인수': 'double'에서 'FLOAT'(으)로 변환하면서 데이터가 손실될 수 있습니다.
C:\Users\KT\Desktop\4학년1학기\게임프로그래밍\HW3_201701531(김기태)\HW3_201701531(김기태)\201701531_김기태_HW3.cpp(530,51): warning C4838: 'double'에서 'FLOAT'(으)로의 변환에는 축소 변환이 필요합니다.
C:\Users\KT\Desktop\4학년1학기\게임프로그래밍\HW3_201701531(김기태)\HW3_201701531(김기태)\201701531_김기태_HW3.cpp(530,51): warning C4244: '초기화 중': 'double'에서 'FLOAT'(으)로 변환하면서 데이터가 손실될 수 있습니다.
C:\Users\KT\Desktop\4학년1학기\게임프로그래밍\HW3_201701531(김기태)\HW3_201701531(김기태)\201701531_김기태_HW3.cpp(532,54): warning C4244: '인수': 'double'에서 'FLOAT'(으)로 변환하면서 데이터가 손실될 수 있습니다.
C:\Users\KT\Desktop\4학년1학기\게임프로그래밍\HW3_201701531(김기태)\HW3_201701531(김기태)\201701531_김기태_HW3.cpp(535,51): warning C4838: 'double'에서 'FLOAT'(으)로의 변환에는 축소 변환이 필요합니다.
C:\Users\KT\Desktop\4학년1학기\게임프로그래밍\HW3_201701531(김기태)\HW3_201701531(김기태)\201701531_김기태_HW3.cpp(535,51): warning C4244: '초기화 중': 'double'에서 'FLOAT'(으)로 변환하면서 데이터가 손실될 수 있습니다.
C:\Users\KT\Desktop\4학년1학기\게임프로그래밍\HW3_201701531(김기태)\HW3_201701531(김기태)\201701531_김기태_HW3.cpp(537,54): warning C4244: '인수': 'double'에서 'FLOAT'(으)로 변환하면서 데이터가 손실될 수 있습니다.
C:\Users\KT\Desktop\4학년1학기\게임프로그래밍\HW3_201701531(김기태)\HW3_201701531(김기태)\201701531_김기태_HW3.cpp(540,51): warning C4838: 'double'에서 'FLOAT'(으)로의 변환에는 축소 변환이 필요합니다.
C:\Users\KT\Desktop\4학년1학기\게임프로그래밍\HW3_201701531(김기태)\HW3_201701531(김기태)\201701531_김기태_HW3.cpp(540,51): warning C4244: '초기화 중': 'double'에서 'FLOAT'(으)로 변환하면서 데이터가 손실될 수 있습니다.
C:\Users\KT\Desktop\4학년1학기\게임프로그래밍\HW3_201701531(김기태)\HW3_201701531(김기태)\201701531_김기태_HW3.cpp(542,54): warning C4244: '인수': 'double'에서 'FLOAT'(으)로 변환하면서 데이터가 손실될 수 있습니다.
C:\Users\KT\Desktop\4학년1학기\게임프로그래밍\HW3_201701531(김기태)\HW3_201701531(김기태)\201701531_김기태_HW3.cpp(945,32): warning C4305: '+=': 'double'에서 'float'(으)로 잘립니다.
C:\Users\KT\Desktop\4학년1학기\게임프로그래밍\HW3_201701531(김기태)\HW3_201701531(김기태)\201701531_김기태_HW3.cpp(960,30): warning C4456: 'scale' 선언은 이전 로컬 선언을 숨깁니다.
C:\Users\KT\Desktop\4학년1학기\게임프로그래밍\HW3_201701531(김기태)\HW3_201701531(김기태)\201701531_김기태_HW3.cpp(931,20): message : 'scale' 선언을 참조하십시오.
C:\Users\KT\Desktop\4학년1학기\게임프로그래밍\HW3_201701531(김기태)\HW3_201701531(김기태)\201701531_김기태_HW3.cpp(913,23): warning C4101: 'spoint' :참조되지 않은 지역 변수입니다.
C:\Users\KT\Desktop\4학년1학기\게임프로그래밍\HW3_201701531(김기태)\HW3_201701531(김기태)\201701531_김기태_HW3.cpp(1035,30): warning C4456: 'scale' 선언은 이전 로컬 선언을 숨깁니다.
C:\Users\KT\Desktop\4학년1학기\게임프로그래밍\HW3_201701531(김기태)\HW3_201701531(김기태)\201701531_김기태_HW3.cpp(1021,20): message : 'scale' 선언을 참조하십시오.
C:\Users\KT\Desktop\4학년1학기\게임프로그래밍\HW3_201701531(김기태)\HW3_201701531(김기태)\201701531_김기태_HW3.cpp(1055,22): warning C4305: '+=': 'double'에서 'float'(으)로 잘립니다.
C:\Users\KT\Desktop\4학년1학기\게임프로그래밍\HW3_201701531(김기태)\HW3_201701531(김기태)\201701531_김기태_HW3.cpp(1060,22): warning C4305: '+=': 'double'에서 'float'(으)로 잘립니다.
C:\Users\KT\Desktop\4학년1학기\게임프로그래밍\HW3_201701531(김기태)\HW3_201701531(김기태)\201701531_김기태_HW3.cpp(1003,23): warning C4101: 'spoint' :참조되지 않은 지역 변수입니다.
C:\Users\KT\Desktop\4학년1학기\게임프로그래밍\HW3_201701531(김기태)\HW3_201701531(김기태)\201701531_김기태_HW3.cpp(1113,21): warning C4305: '+=': 'double'에서 'float'(으)로 잘립니다.
C:\Users\KT\Desktop\4학년1학기\게임프로그래밍\HW3_201701531(김기태)\HW3_201701531(김기태)\201701531_김기태_HW3.cpp(1082,23): warning C4101: 'spoint' :참조되지 않은 지역 변수입니다.
C:\Users\KT\Desktop\4학년1학기\게임프로그래밍\HW3_201701531(김기태)\HW3_201701531(김기태)\201701531_김기태_HW3.cpp(1118,50): warning C4100: 'rtSize': 참조되지 않은 정식 매개 변수입니다.
C:\Users\KT\Desktop\4학년1학기\게임프로그래밍\HW3_201701531(김기태)\HW3_201701531(김기태)\201701531_김기태_HW3.cpp(1118,34): warning C4100: 'hr': 참조되지 않은 정식 매개 변수입니다.
C:\Users\KT\Desktop\4학년1학기\게임프로그래밍\HW3_201701531(김기태)\HW3_201701531(김기태)\201701531_김기태_HW3.cpp(1193,35): warning C4305: '인수': 'double'에서 'FLOAT'(으)로 잘립니다.
C:\Users\KT\Desktop\4학년1학기\게임프로그래밍\HW3_201701531(김기태)\HW3_201701531(김기태)\201701531_김기태_HW3.cpp(1196,35): warning C4305: '인수': 'double'에서 'FLOAT'(으)로 잘립니다.
C:\Users\KT\Desktop\4학년1학기\게임프로그래밍\HW3_201701531(김기태)\HW3_201701531(김기태)\201701531_김기태_HW3.cpp(1201,75): warning C4244: '인수': 'double'에서 'FLOAT'(으)로 변환하면서 데이터가 손실될 수 있습니다.
C:\Users\KT\Desktop\4학년1학기\게임프로그래밍\HW3_201701531(김기태)\HW3_201701531(김기태)\201701531_김기태_HW3.cpp(1201,48): warning C4244: '인수': 'double'에서 'FLOAT'(으)로 변환하면서 데이터가 손실될 수 있습니다.
C:\Users\KT\Desktop\4학년1학기\게임프로그래밍\HW3_201701531(김기태)\HW3_201701531(김기태)\201701531_김기태_HW3.cpp(1211,74): warning C4244: '인수': 'double'에서 'FLOAT'(으)로 변환하면서 데이터가 손실될 수 있습니다.
C:\Users\KT\Desktop\4학년1학기\게임프로그래밍\HW3_201701531(김기태)\HW3_201701531(김기태)\201701531_김기태_HW3.cpp(1211,35): warning C4244: '인수': 'double'에서 'FLOAT'(으)로 변환하면서 데이터가 손실될 수 있습니다.
C:\Users\KT\Desktop\4학년1학기\게임프로그래밍\HW3_201701531(김기태)\HW3_201701531(김기태)\201701531_김기태_HW3.cpp(1184,56): warning C4100: 'rtSize': 참조되지 않은 정식 매개 변수입니다.
C:\Users\KT\Desktop\4학년1학기\게임프로그래밍\HW3_201701531(김기태)\HW3_201701531(김기태)\201701531_김기태_HW3.cpp(1184,40): warning C4100: 'hr': 참조되지 않은 정식 매개 변수입니다.
C:\Users\KT\Desktop\4학년1학기\게임프로그래밍\HW3_201701531(김기태)\HW3_201701531(김기태)\201701531_김기태_HW3.cpp(1235,83): warning C4244: '인수': 'double'에서 'FLOAT'(으)로 변환하면서 데이터가 손실될 수 있습니다.
C:\Users\KT\Desktop\4학년1학기\게임프로그래밍\HW3_201701531(김기태)\HW3_201701531(김기태)\201701531_김기태_HW3.cpp(1235,51): warning C4244: '인수': 'double'에서 'FLOAT'(으)로 변환하면서 데이터가 손실될 수 있습니다.
C:\Users\KT\Desktop\4학년1학기\게임프로그래밍\HW3_201701531(김기태)\HW3_201701531(김기태)\201701531_김기태_HW3.cpp(1245,79): warning C4244: '인수': 'double'에서 'FLOAT'(으)로 변환하면서 데이터가 손실될 수 있습니다.
C:\Users\KT\Desktop\4학년1학기\게임프로그래밍\HW3_201701531(김기태)\HW3_201701531(김기태)\201701531_김기태_HW3.cpp(1245,39): warning C4244: '인수': 'double'에서 'FLOAT'(으)로 변환하면서 데이터가 손실될 수 있습니다.
C:\Users\KT\Desktop\4학년1학기\게임프로그래밍\HW3_201701531(김기태)\HW3_201701531(김기태)\201701531_김기태_HW3.cpp(1255,81): warning C4244: '인수': 'double'에서 'FLOAT'(으)로 변환하면서 데이터가 손실될 수 있습니다.
C:\Users\KT\Desktop\4학년1학기\게임프로그래밍\HW3_201701531(김기태)\HW3_201701531(김기태)\201701531_김기태_HW3.cpp(1255,39): warning C4244: '인수': 'double'에서 'FLOAT'(으)로 변환하면서 데이터가 손실될 수 있습니다.
C:\Users\KT\Desktop\4학년1학기\게임프로그래밍\HW3_201701531(김기태)\HW3_201701531(김기태)\201701531_김기태_HW3.cpp(1227,55): warning C4100: 'rtSize': 참조되지 않은 정식 매개 변수입니다.
C:\Users\KT\Desktop\4학년1학기\게임프로그래밍\HW3_201701531(김기태)\HW3_201701531(김기태)\201701531_김기태_HW3.cpp(1227,39): warning C4100: 'hr': 참조되지 않은 정식 매개 변수입니다.
C:\Users\KT\Desktop\4학년1학기\게임프로그래밍\HW3_201701531(김기태)\HW3_201701531(김기태)\201701531_김기태_HW3.cpp(1429,15): warning C4244: '인수': 'int'에서 'FLOAT'(으)로 변환하면서 데이터가 손실될 수 있습니다.
C:\Users\KT\Desktop\4학년1학기\게임프로그래밍\HW3_201701531(김기태)\HW3_201701531(김기태)\201701531_김기태_HW3.cpp(1427,9): warning C4244: '인수': 'int'에서 'FLOAT'(으)로 변환하면서 데이터가 손실될 수 있습니다.
C:\Users\KT\Desktop\4학년1학기\게임프로그래밍\HW3_201701531(김기태)\HW3_201701531(김기태)\201701531_김기태_HW3.cpp(1546,31): warning C4305: '+=': 'double'에서 'FLOAT'(으)로 잘립니다.
C:\Users\KT\Desktop\4학년1학기\게임프로그래밍\HW3_201701531(김기태)\HW3_201701531(김기태)\201701531_김기태_HW3.cpp(1554,31): warning C4305: '-=': 'double'에서 'FLOAT'(으)로 잘립니다.
  DemoApp.vcxproj -> C:\Users\KT\Desktop\4학년1학기\게임프로그래밍\HW3_201701531(김기태)\HW3_201701531(김기태)\Debug\DemoApp.exe
